2017-02-21 16:26:42,095 INFO ################################################################################
2017-02-21 16:26:42,100 INFO #####
2017-02-21 16:26:42,104 INFO ##### ElderlyCare/Guard 1.0
2017-02-21 16:26:42,108 INFO #####
2017-02-21 16:26:42,113 INFO ################################################################################
2017-02-21 16:26:42,119 INFO Hostname: ecg1
2017-02-21 16:26:42,124 INFO NAME= motion
2017-02-21 16:26:42,128 INFO SENSOR: bluetooth
2017-02-21 16:26:45,849 INFO Feb 21 2017 15:26:45 - Device detected!
2017-02-21 16:26:52,550 INFO Feb 21 2017 15:26:52 - Device detected!
2017-02-21 16:27:00,858 INFO Feb 21 2017 15:27:00 - Device detected!
2017-02-21 16:27:06,373 INFO Feb 21 2017 15:27:06 - Device detected!
2017-02-21 16:27:13,626 INFO Feb 21 2017 15:27:13 - Device detected!
2017-02-21 16:27:20,891 INFO Feb 21 2017 15:27:20 - Device detected!
2017-02-21 16:27:29,122 INFO Feb 21 2017 15:27:29 - Device detected!
2017-02-21 16:27:35,187 INFO Feb 21 2017 15:27:35 - No device in range!
2017-02-21 16:27:50,451 INFO Feb 21 2017 15:27:50 - No device in range!
2017-02-21 16:28:04,107 INFO Feb 21 2017 15:28:04 - Device detected!
2017-02-21 16:28:11,205 INFO Feb 21 2017 15:28:11 - Device detected!
2017-02-21 16:28:18,396 INFO Feb 21 2017 15:28:18 - Device detected!
2017-02-21 16:28:26,879 INFO Feb 21 2017 15:28:26 - Device detected!
2017-02-21 16:28:33,747 INFO Feb 21 2017 15:28:33 - Device detected!
2017-02-21 16:28:41,794 INFO Feb 21 2017 15:28:41 - Device detected!
2017-02-21 16:28:50,846 INFO Feb 21 2017 15:28:50 - Device detected!
2017-02-21 16:38:41,000 INFO ################################################################################
2017-02-21 16:38:41,005 INFO #####
2017-02-21 16:38:41,010 INFO ##### ElderlyCare/Guard 1.0
2017-02-21 16:38:41,016 INFO #####
2017-02-21 16:38:41,021 INFO ################################################################################
2017-02-21 16:38:41,030 INFO Hostname: ecg1
2017-02-21 16:38:41,035 INFO NAME= motion
2017-02-21 16:38:41,039 INFO SENSOR: motion
2017-02-21 16:38:41,046 INFO PIR Module Test (CTRL+C to exit)
2017-02-21 16:38:41,051 INFO 
2017-02-21 16:38:41,057 INFO GPIO 27 (Pin 13) -> Signal Motion
2017-02-21 16:38:41,062 INFO VCC     (Pin 4) -> Motion Sensor VCC
2017-02-21 16:38:41,066 INFO GRND    (Pin 6) -> Motion Sensor GRND
2017-02-21 16:38:50,589 INFO Feb 21 2017 15:38:50 - Motion Detected!
2017-02-21 16:38:57,231 INFO Feb 21 2017 15:38:57 - Motion Detected!
2017-02-21 16:39:13,223 INFO ################################################################################
2017-02-21 16:39:13,228 INFO #####
2017-02-21 16:39:13,233 INFO ##### ElderlyCare/Guard 1.0
2017-02-21 16:39:13,237 INFO #####
2017-02-21 16:39:13,241 INFO ################################################################################
2017-02-21 16:39:13,248 INFO Hostname: ecg1
2017-02-21 16:39:13,253 INFO NAME= motion
2017-02-21 16:39:13,257 INFO SENSOR: escalation
2017-02-21 16:42:46,336 INFO ################################################################################
2017-02-21 16:42:46,339 INFO #####
2017-02-21 16:42:46,342 INFO ##### ElderlyCare/Guard 1.0
2017-02-21 16:42:46,345 INFO #####
2017-02-21 16:42:46,348 INFO ################################################################################
2017-02-21 16:42:46,353 INFO Hostname: ecg1
2017-02-21 16:42:46,357 INFO NAME= motion
2017-02-21 16:42:46,380 INFO SENSOR: escalation
2017-02-21 16:44:49,442 INFO ################################################################################
2017-02-21 16:44:49,446 INFO #####
2017-02-21 16:44:49,449 INFO ##### ElderlyCare/Guard 1.0
2017-02-21 16:44:49,452 INFO #####
2017-02-21 16:44:49,455 INFO ################################################################################
2017-02-21 16:44:49,461 INFO Hostname: ecg1
2017-02-21 16:44:49,464 INFO NAME= motion
2017-02-21 16:44:49,468 INFO SENSOR: escalation
2017-02-21 16:45:17,440 INFO ################################################################################
2017-02-21 16:45:17,443 INFO #####
2017-02-21 16:45:17,446 INFO ##### ElderlyCare/Guard 1.0
2017-02-21 16:45:17,449 INFO #####
2017-02-21 16:45:17,452 INFO ################################################################################
2017-02-21 16:45:17,457 INFO Hostname: ecg1
2017-02-21 16:45:17,461 INFO NAME= motion
2017-02-21 16:45:17,464 INFO SENSOR: escalation
2017-02-21 16:45:38,141 INFO ################################################################################
2017-02-21 16:45:38,145 INFO #####
2017-02-21 16:45:38,148 INFO ##### ElderlyCare/Guard 1.0
2017-02-21 16:45:38,151 INFO #####
2017-02-21 16:45:38,155 INFO ################################################################################
2017-02-21 16:45:38,160 INFO Hostname: ecg1
2017-02-21 16:45:38,164 INFO NAME= motion
2017-02-21 16:45:38,167 INFO SENSOR: escalation
2017-02-21 16:46:11,959 INFO ################################################################################
2017-02-21 16:46:11,962 INFO #####
2017-02-21 16:46:11,965 INFO ##### ElderlyCare/Guard 1.0
2017-02-21 16:46:11,968 INFO #####
2017-02-21 16:46:11,971 INFO ################################################################################
2017-02-21 16:46:11,976 INFO Hostname: ecg1
2017-02-21 16:46:11,980 INFO NAME= motion
2017-02-21 16:46:11,983 INFO SENSOR: escalation
2017-02-21 16:46:51,412 INFO ################################################################################
2017-02-21 16:46:51,416 INFO #####
2017-02-21 16:46:51,419 INFO ##### ElderlyCare/Guard 1.0
2017-02-21 16:46:51,421 INFO #####
2017-02-21 16:46:51,424 INFO ################################################################################
2017-02-21 16:46:51,430 INFO Hostname: ecg1
2017-02-21 16:46:51,433 INFO NAME= motion
2017-02-21 16:46:51,436 INFO SENSOR: escalation
